#
# There is insufficient memory for the Java Runtime Environment to continue.
# Native memory allocation (malloc) failed to allocate 1002688 bytes for Chunk::new
# Possible reasons:
#   The system is out of physical RAM or swap space
#   The process is running with CompressedOops enabled, and the Java Heap may be blocking the growth of the native heap
# Possible solutions:
#   Reduce memory load on the system
#   Increase physical memory or swap space
#   Check if swap backing store is full
#   Decrease Java heap size (-Xmx/-Xms)
#   Decrease number of Java threads
#   Decrease Java thread stack sizes (-Xss)
#   Set larger code cache with -XX:ReservedCodeCacheSize=
#   JVM is running with Zero Based Compressed Oops mode in which the Java heap is
#     placed in the first 32GB address space. The Java Heap base address is the
#     maximum limit for the native heap growth. Please use -XX:HeapBaseMinAddress
#     to set the Java Heap base and to place the Java Heap above 32GB virtual address.
# This output file may be truncated or incomplete.
#
#  Out of Memory Error (arena.cpp:189), pid=13848, tid=14248
#
# JRE version: OpenJDK Runtime Environment (17.0.6) (build 17.0.6+0-b2043.56-10027231)
# Java VM: OpenJDK 64-Bit Server VM (17.0.6+0-b2043.56-10027231, mixed mode, tiered, compressed oops, compressed class ptrs, g1 gc, windows-amd64)
# No core dump will be written. Minidumps are not enabled by default on client versions of Windows
#

---------------  S U M M A R Y ------------

Command Line: org.jetbrains.kotlin.cli.jvm.K2JVMCompiler @D:\Moca-App\Moca\app\build\20231113_7519132282815097162.compiler.options

Host: AMD Ryzen 5 5600G with Radeon Graphics         , 12 cores, 15G,  Windows 10 , 64 bit Build 19041 (10.0.19041.3570)
Time: Mon Nov 13 19:14:29 2023 Hora oficial do Brasil elapsed time: 4.442846 seconds (0d 0h 0m 4s)

---------------  T H R E A D  ---------------

Current thread (0x0000029521529f20):  JavaThread "C2 CompilerThread2" daemon [_thread_in_native, id=14248, stack(0x000000fe0e100000,0x000000fe0e200000)]


Current CompileTask:
C2:   4442 6409       4       org.jetbrains.org.objectweb.asm.ClassReader::readElementValue (1237 bytes)

Stack: [0x000000fe0e100000,0x000000fe0e200000]
Native frames: (J=compiled Java code, j=interpreted, Vv=VM code, C=native code)
V  [jvm.dll+0x683c9a]
V  [jvm.dll+0x8427a4]
V  [jvm.dll+0x843f9e]
V  [jvm.dll+0x844603]
V  [jvm.dll+0x249b75]
V  [jvm.dll+0xabcac]
V  [jvm.dll+0xac27c]
V  [jvm.dll+0x368857]
V  [jvm.dll+0x332f31]
V  [jvm.dll+0x3323da]
V  [jvm.dll+0x21c201]
V  [jvm.dll+0x21b621]
V  [jvm.dll+0x1a4fdd]
V  [jvm.dll+0x22b098]
V  [jvm.dll+0x229159]
V  [jvm.dll+0x7f81ec]
V  [jvm.dll+0x7f274a]
V  [jvm.dll+0x682ad5]
C  [ucrtbase.dll+0x21bb2]
C  [KERNEL32.DLL+0x17344]
C  [ntdll.dll+0x526b1]


---------------  P R O C E S S  ---------------

Threads class SMR info:
_java_thread_list=0x000002952150d6c0, length=14, elements={
0x000002957ce39f70, 0x000002951dc8e750, 0x000002951e85d420, 0x000002951e88bd20,
0x000002951e88c7e0, 0x000002951e88f1a0, 0x000002951e891b60, 0x000002951e892840,
0x000002951e8b0910, 0x000002951e8bba20, 0x000002951e9fb6b0, 0x000002951e9fbf80,
0x00000295214c90d0, 0x0000029521529f20
}

Java Threads: ( => current thread )
  0x000002957ce39f70 JavaThread "main" [_thread_blocked, id=11736, stack(0x000000fe0c100000,0x000000fe0c200000)]
  0x000002951dc8e750 JavaThread "Reference Handler" daemon [_thread_blocked, id=12808, stack(0x000000fe0c800000,0x000000fe0c900000)]
  0x000002951e85d420 JavaThread "Finalizer" daemon [_thread_blocked, id=13980, stack(0x000000fe0c900000,0x000000fe0ca00000)]
  0x000002951e88bd20 JavaThread "Signal Dispatcher" daemon [_thread_blocked, id=13976, stack(0x000000fe0ca00000,0x000000fe0cb00000)]
  0x000002951e88c7e0 JavaThread "Attach Listener" daemon [_thread_blocked, id=13984, stack(0x000000fe0cb00000,0x000000fe0cc00000)]
  0x000002951e88f1a0 JavaThread "Service Thread" daemon [_thread_blocked, id=13968, stack(0x000000fe0cc00000,0x000000fe0cd00000)]
  0x000002951e891b60 JavaThread "Monitor Deflation Thread" daemon [_thread_blocked, id=8980, stack(0x000000fe0cd00000,0x000000fe0ce00000)]
  0x000002951e892840 JavaThread "C2 CompilerThread0" daemon [_thread_in_native, id=13932, stack(0x000000fe0ce00000,0x000000fe0cf00000)]
  0x000002951e8b0910 JavaThread "C1 CompilerThread0" daemon [_thread_blocked, id=13088, stack(0x000000fe0cf00000,0x000000fe0d000000)]
  0x000002951e8bba20 JavaThread "Sweeper thread" daemon [_thread_blocked, id=9140, stack(0x000000fe0d000000,0x000000fe0d100000)]
  0x000002951e9fb6b0 JavaThread "Notification Thread" daemon [_thread_blocked, id=6756, stack(0x000000fe0d100000,0x000000fe0d200000)]
  0x000002951e9fbf80 JavaThread "Common-Cleaner" daemon [_thread_blocked, id=11756, stack(0x000000fe0d300000,0x000000fe0d400000)]
  0x00000295214c90d0 JavaThread "C2 CompilerThread1" daemon [_thread_blocked, id=14324, stack(0x000000fe0da00000,0x000000fe0db00000)]
=>0x0000029521529f20 JavaThread "C2 CompilerThread2" daemon [_thread_in_native, id=14248, stack(0x000000fe0e100000,0x000000fe0e200000)]

Other Threads:
  0x000002951dc8dbc0 VMThread "VM Thread" [stack: 0x000000fe0c700000,0x000000fe0c800000] [id=12672]
  0x000002957cec5250 WatcherThread [stack: 0x000000fe0d200000,0x000000fe0d300000] [id=12552]
  0x000002957cea6330 GCTaskThread "GC Thread#0" [stack: 0x000000fe0c200000,0x000000fe0c300000] [id=12700]
  0x000002951ef46e20 GCTaskThread "GC Thread#1" [stack: 0x000000fe0d500000,0x000000fe0d600000] [id=8684]
  0x000002951ef470d0 GCTaskThread "GC Thread#2" [stack: 0x000000fe0d600000,0x000000fe0d700000] [id=4588]
  0x000002951ef5fb60 GCTaskThread "GC Thread#3" [stack: 0x000000fe0d700000,0x000000fe0d800000] [id=12920]
  0x000002951ef5fe10 GCTaskThread "GC Thread#4" [stack: 0x000000fe0d800000,0x000000fe0d900000] [id=12608]
  0x000002951ef600c0 GCTaskThread "GC Thread#5" [stack: 0x000000fe0d900000,0x000000fe0da00000] [id=7760]
  0x000002951fc99010 GCTaskThread "GC Thread#6" [stack: 0x000000fe0db00000,0x000000fe0dc00000] [id=12728]
  0x000002951fc9a030 GCTaskThread "GC Thread#7" [stack: 0x000000fe0dc00000,0x000000fe0dd00000] [id=8792]
  0x000002951fc992c0 GCTaskThread "GC Thread#8" [stack: 0x000000fe0dd00000,0x000000fe0de00000] [id=5432]
  0x000002951fc99ad0 GCTaskThread "GC Thread#9" [stack: 0x000000fe0e000000,0x000000fe0e100000] [id=4232]
  0x000002957ceb8090 ConcurrentGCThread "G1 Main Marker" [stack: 0x000000fe0c300000,0x000000fe0c400000] [id=4016]
  0x000002957ceb8aa0 ConcurrentGCThread "G1 Conc#0" [stack: 0x000000fe0c400000,0x000000fe0c500000] [id=13500]
  0x000002951fc99570 ConcurrentGCThread "G1 Conc#1" [stack: 0x000000fe0de00000,0x000000fe0df00000] [id=4052]
  0x000002951fc98550 ConcurrentGCThread "G1 Conc#2" [stack: 0x000000fe0df00000,0x000000fe0e000000] [id=10416]
  0x000002957cf0d860 ConcurrentGCThread "G1 Refine#0" [stack: 0x000000fe0c500000,0x000000fe0c600000] [id=13936]
  0x0000029520096da0 ConcurrentGCThread "G1 Refine#1" [stack: 0x000000fe0d400000,0x000000fe0d500000] [id=12580]
  0x000002957cf0e120 ConcurrentGCThread "G1 Service" [stack: 0x000000fe0c600000,0x000000fe0c700000] [id=692]

Threads with active compile tasks:
C2 CompilerThread0     4458 6391       4       org.jetbrains.kotlin.load.java.structure.impl.classFiles.BinaryJavaMethodBase$Companion::create (572 bytes)
C1 CompilerThread0     4458 6576       3       org.jetbrains.kotlin.resolve.lazy.descriptors.AbstractLazyMemberScope$propertyDescriptors$1::invoke (15 bytes)
C2 CompilerThread1     4458 6548       4       org.jetbrains.kotlin.storage.LockBasedStorageManager$LockBasedNotNullLazyValueWithPostCompute::invoke (35 bytes)
C2 CompilerThread2     4458 6409       4       org.jetbrains.org.objectweb.asm.ClassReader::readElementValue (1237 bytes)

VM state: at safepoint (normal execution)

VM Mutex/Monitor currently owned by a thread:  ([mutex/lock_event])
[0x000002957ce34070] Threads_lock - owner thread: 0x000002951dc8dbc0
[0x000002957ce33920] Heap_lock - owner thread: 0x000002957ce39f70

Heap address: 0x0000000701e00000, size: 4066 MB, Compressed Oops mode: Zero based, Oop shift amount: 3

CDS archive(s) not mapped
Compressed class space mapped at: 0x0000000800000000-0x0000000840000000, reserved size: 1073741824
Narrow klass base: 0x0000000800000000, Narrow klass shift: 0, Narrow klass range: 0x40000000

GC Precious Log:
 CPUs: 12 total, 12 available
 Memory: 16256M
 Large Page Support: Disabled
 NUMA Support: Disabled
 Compressed Oops: Enabled (Zero based)
 Heap Region Size: 2M
 Heap Min Capacity: 8M
 Heap Initial Capacity: 256M
 Heap Max Capacity: 4066M
 Pre-touch: Disabled
 Parallel Workers: 10
 Concurrent Workers: 3
 Concurrent Refinement Workers: 10
 Periodic GC: Disabled

Heap:
 garbage-first heap   total 151552K, used 99535K [0x0000000701e00000, 0x0000000800000000)
  region size 2048K, 35 young (71680K), 1 survivors (2048K)
 Metaspace       used 56816K, committed 57088K, reserved 1105920K
  class space    used 6706K, committed 6848K, reserved 1048576K

Heap Regions: E=young(eden), S=young(survivor), O=old, HS=humongous(starts), HC=humongous(continues), CS=collection set, F=free, OA=open archive, CA=closed archive, TAMS=top-at-mark-start (previous, next)
|   0|0x0000000701e00000, 0x0000000702000000, 0x0000000702000000|100%|HS|  |TAMS 0x0000000702000000, 0x0000000701e00000| Complete 
|   1|0x0000000702000000, 0x0000000702200000, 0x0000000702200000|100%|HC|  |TAMS 0x0000000702200000, 0x0000000702000000| Complete 
|   2|0x0000000702200000, 0x0000000702400000, 0x0000000702400000|100%| O|  |TAMS 0x0000000702200000, 0x0000000702200000| Untracked 
|   3|0x0000000702400000, 0x0000000702600000, 0x0000000702600000|100%| O|  |TAMS 0x0000000702600000, 0x0000000702400000| Untracked 
|   4|0x0000000702600000, 0x0000000702800000, 0x0000000702800000|100%|HS|  |TAMS 0x0000000702600000, 0x0000000702600000| Complete 
|   5|0x0000000702800000, 0x0000000702a00000, 0x0000000702a00000|100%| O|  |TAMS 0x0000000702800000, 0x0000000702800000| Untracked 
|   6|0x0000000702a00000, 0x0000000702c00000, 0x0000000702c00000|100%| O|  |TAMS 0x0000000702c00000, 0x0000000702a00000| Untracked 
|   7|0x0000000702c00000, 0x0000000702e00000, 0x0000000702e00000|100%| O|  |TAMS 0x0000000702e00000, 0x0000000702c00000| Untracked 
|   8|0x0000000702e00000, 0x0000000703000000, 0x0000000703000000|100%| O|  |TAMS 0x0000000703000000, 0x0000000702e00000| Untracked 
|   9|0x0000000703000000, 0x0000000703200000, 0x0000000703200000|100%| O|  |TAMS 0x0000000703000000, 0x0000000703000000| Untracked 
|  10|0x0000000703200000, 0x0000000703331f10, 0x0000000703400000| 59%| O|  |TAMS 0x0000000703200000, 0x0000000703200000| Untracked 
|  11|0x0000000703400000, 0x0000000703400000, 0x0000000703600000|  0%| F|  |TAMS 0x0000000703400000, 0x0000000703400000| Untracked 
|  12|0x0000000703600000, 0x0000000703600000, 0x0000000703800000|  0%| F|  |TAMS 0x0000000703600000, 0x0000000703600000| Untracked 
|  13|0x0000000703800000, 0x0000000703800000, 0x0000000703a00000|  0%| F|  |TAMS 0x0000000703800000, 0x0000000703800000| Untracked 
|  14|0x0000000703a00000, 0x0000000703a00000, 0x0000000703c00000|  0%| F|  |TAMS 0x0000000703a00000, 0x0000000703a00000| Untracked 
|  15|0x0000000703c00000, 0x0000000703c00000, 0x0000000703e00000|  0%| F|  |TAMS 0x0000000703c00000, 0x0000000703c00000| Untracked 
|  16|0x0000000703e00000, 0x0000000703e00000, 0x0000000704000000|  0%| F|  |TAMS 0x0000000703e00000, 0x0000000703e00000| Untracked 
|  17|0x0000000704000000, 0x0000000704000000, 0x0000000704200000|  0%| F|  |TAMS 0x0000000704000000, 0x0000000704000000| Untracked 
|  18|0x0000000704200000, 0x0000000704200000, 0x0000000704400000|  0%| F|  |TAMS 0x0000000704200000, 0x0000000704200000| Untracked 
|  19|0x0000000704400000, 0x0000000704400000, 0x0000000704600000|  0%| F|  |TAMS 0x0000000704400000, 0x0000000704400000| Untracked 
|  20|0x0000000704600000, 0x0000000704600000, 0x0000000704800000|  0%| F|  |TAMS 0x0000000704600000, 0x0000000704600000| Untracked 
|  21|0x0000000704800000, 0x0000000704800000, 0x0000000704a00000|  0%| F|  |TAMS 0x0000000704800000, 0x0000000704800000| Untracked 
|  22|0x0000000704a00000, 0x0000000704a00000, 0x0000000704c00000|  0%| F|  |TAMS 0x0000000704a00000, 0x0000000704a00000| Untracked 
|  23|0x0000000704c00000, 0x0000000704c00000, 0x0000000704e00000|  0%| F|  |TAMS 0x0000000704c00000, 0x0000000704c00000| Untracked 
|  24|0x0000000704e00000, 0x0000000704e8d7b8, 0x0000000705000000| 27%| E|CS|TAMS 0x0000000704e00000, 0x0000000704e00000| Complete 
|  25|0x0000000705000000, 0x0000000705200000, 0x0000000705200000|100%| E|CS|TAMS 0x0000000705000000, 0x0000000705000000| Complete 
|  26|0x0000000705200000, 0x0000000705400000, 0x0000000705400000|100%| E|CS|TAMS 0x0000000705200000, 0x0000000705200000| Complete 
|  27|0x0000000705400000, 0x0000000705600000, 0x0000000705600000|100%| E|CS|TAMS 0x0000000705400000, 0x0000000705400000| Complete 
|  28|0x0000000705600000, 0x0000000705800000, 0x0000000705800000|100%| E|CS|TAMS 0x0000000705600000, 0x0000000705600000| Complete 
|  29|0x0000000705800000, 0x0000000705a00000, 0x0000000705a00000|100%| E|CS|TAMS 0x0000000705800000, 0x0000000705800000| Complete 
|  30|0x0000000705a00000, 0x0000000705a00000, 0x0000000705c00000|  0%| F|  |TAMS 0x0000000705a00000, 0x0000000705a00000| Untracked 
|  31|0x0000000705c00000, 0x0000000705c00000, 0x0000000705e00000|  0%| F|  |TAMS 0x0000000705c00000, 0x0000000705c00000| Untracked 
|  32|0x0000000705e00000, 0x0000000705e00000, 0x0000000706000000|  0%| F|  |TAMS 0x0000000705e00000, 0x0000000705e00000| Untracked 
|  33|0x0000000706000000, 0x0000000706000000, 0x0000000706200000|  0%| F|  |TAMS 0x0000000706000000, 0x0000000706000000| Untracked 
|  34|0x0000000706200000, 0x0000000706200000, 0x0000000706400000|  0%| F|  |TAMS 0x0000000706200000, 0x0000000706200000| Untracked 
|  35|0x0000000706400000, 0x0000000706400000, 0x0000000706600000|  0%| F|  |TAMS 0x0000000706400000, 0x0000000706400000| Untracked 
|  36|0x0000000706600000, 0x0000000706600000, 0x0000000706800000|  0%| F|  |TAMS 0x0000000706600000, 0x0000000706600000| Untracked 
|  37|0x0000000706800000, 0x0000000706800000, 0x0000000706a00000|  0%| F|  |TAMS 0x0000000706800000, 0x0000000706800000| Untracked 
|  38|0x0000000706a00000, 0x0000000706a00000, 0x0000000706c00000|  0%| F|  |TAMS 0x0000000706a00000, 0x0000000706a00000| Untracked 
|  39|0x0000000706c00000, 0x0000000706de9660, 0x0000000706e00000| 95%| S|  |TAMS 0x0000000706c00000, 0x0000000706c00000| Complete 
|  40|0x0000000706e00000, 0x0000000707000000, 0x0000000707000000|100%| E|CS|TAMS 0x0000000706e00000, 0x0000000706e00000| Complete 
|  41|0x0000000707000000, 0x0000000707200000, 0x0000000707200000|100%| E|CS|TAMS 0x0000000707000000, 0x0000000707000000| Complete 
|  42|0x0000000707200000, 0x0000000707400000, 0x0000000707400000|100%| E|CS|TAMS 0x0000000707200000, 0x0000000707200000| Complete 
|  43|0x0000000707400000, 0x0000000707600000, 0x0000000707600000|100%| E|CS|TAMS 0x0000000707400000, 0x0000000707400000| Complete 
|  44|0x0000000707600000, 0x0000000707800000, 0x0000000707800000|100%| E|CS|TAMS 0x0000000707600000, 0x0000000707600000| Complete 
|  45|0x0000000707800000, 0x0000000707a00000, 0x0000000707a00000|100%| E|CS|TAMS 0x0000000707800000, 0x0000000707800000| Complete 
|  46|0x0000000707a00000, 0x0000000707c00000, 0x0000000707c00000|100%| E|CS|TAMS 0x0000000707a00000, 0x0000000707a00000| Complete 
|  47|0x0000000707c00000, 0x0000000707e00000, 0x0000000707e00000|100%| E|CS|TAMS 0x0000000707c00000, 0x0000000707c00000| Complete 
|  48|0x0000000707e00000, 0x0000000708000000, 0x0000000708000000|100%| E|CS|TAMS 0x0000000707e00000, 0x0000000707e00000| Complete 
|  49|0x0000000708000000, 0x0000000708200000, 0x0000000708200000|100%| E|CS|TAMS 0x0000000708000000, 0x0000000708000000| Complete 
|  50|0x0000000708200000, 0x0000000708400000, 0x0000000708400000|100%| E|CS|TAMS 0x0000000708200000, 0x0000000708200000| Complete 
|  51|0x0000000708400000, 0x0000000708600000, 0x0000000708600000|100%| E|CS|TAMS 0x0000000708400000, 0x0000000708400000| Complete 
|  52|0x0000000708600000, 0x0000000708800000, 0x0000000708800000|100%| E|CS|TAMS 0x0000000708600000, 0x0000000708600000| Complete 
|  53|0x0000000708800000, 0x0000000708a00000, 0x0000000708a00000|100%| E|CS|TAMS 0x0000000708800000, 0x0000000708800000| Complete 
|  54|0x0000000708a00000, 0x0000000708c00000, 0x0000000708c00000|100%| E|CS|TAMS 0x0000000708a00000, 0x0000000708a00000| Complete 
|  55|0x0000000708c00000, 0x0000000708e00000, 0x0000000708e00000|100%| E|CS|TAMS 0x0000000708c00000, 0x0000000708c00000| Complete 
|  56|0x0000000708e00000, 0x0000000709000000, 0x0000000709000000|100%| E|CS|TAMS 0x0000000708e00000, 0x0000000708e00000| Complete 
|  57|0x0000000709000000, 0x0000000709200000, 0x0000000709200000|100%| E|CS|TAMS 0x0000000709000000, 0x0000000709000000| Complete 
|  58|0x0000000709200000, 0x0000000709400000, 0x0000000709400000|100%| E|CS|TAMS 0x0000000709200000, 0x0000000709200000| Complete 
|  59|0x0000000709400000, 0x0000000709600000, 0x0000000709600000|100%| E|CS|TAMS 0x0000000709400000, 0x0000000709400000| Complete 
|  60|0x0000000709600000, 0x0000000709800000, 0x0000000709800000|100%| E|CS|TAMS 0x0000000709600000, 0x0000000709600000| Complete 
|  61|0x0000000709800000, 0x0000000709a00000, 0x0000000709a00000|100%| E|CS|TAMS 0x0000000709800000, 0x0000000709800000| Complete 
|  62|0x0000000709a00000, 0x0000000709c00000, 0x0000000709c00000|100%| E|CS|TAMS 0x0000000709a00000, 0x0000000709a00000| Complete 
|  63|0x0000000709c00000, 0x0000000709e00000, 0x0000000709e00000|100%| E|CS|TAMS 0x0000000709c00000, 0x0000000709c00000| Complete 
|  64|0x0000000709e00000, 0x000000070a000000, 0x000000070a000000|100%| E|CS|TAMS 0x0000000709e00000, 0x0000000709e00000| Complete 
|  65|0x000000070a000000, 0x000000070a200000, 0x000000070a200000|100%| E|CS|TAMS 0x000000070a000000, 0x000000070a000000| Complete 
|  66|0x000000070a200000, 0x000000070a400000, 0x000000070a400000|100%| E|CS|TAMS 0x000000070a200000, 0x000000070a200000| Complete 
|  67|0x000000070a400000, 0x000000070a600000, 0x000000070a600000|100%| E|CS|TAMS 0x000000070a400000, 0x000000070a400000| Complete 
|  68|0x000000070a600000, 0x000000070a800000, 0x000000070a800000|100%| E|CS|TAMS 0x000000070a600000, 0x000000070a600000| Complete 
|  69|0x000000070a800000, 0x000000070aa00000, 0x000000070aa00000|100%| E|CS|TAMS 0x000000070a800000, 0x000000070a800000| Complete 
| 105|0x000000070f000000, 0x000000070f200000, 0x000000070f200000|100%| E|CS|TAMS 0x000000070f000000, 0x000000070f000000| Complete 
| 106|0x000000070f200000, 0x000000070f400000, 0x000000070f400000|100%| E|CS|TAMS 0x000000070f200000, 0x000000070f200000| Complete 
| 107|0x000000070f400000, 0x000000070f600000, 0x000000070f600000|100%| E|CS|TAMS 0x000000070f400000, 0x000000070f400000| Complete 
| 127|0x0000000711c00000, 0x0000000711e00000, 0x0000000711e00000|100%| E|CS|TAMS 0x0000000711c00000, 0x0000000711c00000| Complete 

Card table byte_map: [0x0000029512400000,0x0000029512c00000] _byte_map_base: 0x000002950ebf1000

Marking Bits (Prev, Next): (CMBitMap*) 0x000002957cea6940, (CMBitMap*) 0x000002957cea6980
 Prev Bits: [0x0000029513400000, 0x0000029517388000)
 Next Bits: [0x0000029517390000, 0x000002951b318000)

Polling page: 0x000002957e6c0000

Metaspace:

Usage:
  Non-class:     48.94 MB used.
      Class:      6.55 MB used.
       Both:     55.49 MB used.

Virtual space:
  Non-class space:       56.00 MB reserved,      49.06 MB ( 88%) committed,  7 nodes.
      Class space:        1.00 GB reserved,       6.69 MB ( <1%) committed,  1 nodes.
             Both:        1.05 GB reserved,      55.75 MB (  5%) committed. 

Chunk freelists:
   Non-Class:  2.66 MB
       Class:  1.31 MB
        Both:  3.97 MB

MaxMetaspaceSize: unlimited
CompressedClassSpaceSize: 1.00 GB
Initial GC threshold: 21.00 MB
Current GC threshold: 58.88 MB
CDS: off
MetaspaceReclaimPolicy: balanced
 - commit_granule_bytes: 65536.
 - commit_granule_words: 8192.
 - virtual_space_node_default_size: 1048576.
 - enlarge_chunks_in_place: 1.
 - new_chunks_are_fully_committed: 0.
 - uncommit_free_chunks: 1.
 - use_allocation_guard: 0.
 - handle_deallocations: 1.


Internal statistics:

num_allocs_failed_limit: 6.
num_arena_births: 258.
num_arena_deaths: 0.
num_vsnodes_births: 8.
num_vsnodes_deaths: 0.
num_space_committed: 890.
num_space_uncommitted: 0.
num_chunks_returned_to_freelist: 6.
num_chunks_taken_from_freelist: 1966.
num_chunk_merges: 6.
num_chunk_splits: 1617.
num_chunks_enlarged: 1444.
num_purges: 0.
num_inconsistent_stats: 0.

CodeHeap 'non-profiled nmethods': size=120000Kb used=2863Kb max_used=3218Kb free=117136Kb
 bounds [0x000002950aed0000, 0x000002950b200000, 0x0000029512400000]
CodeHeap 'profiled nmethods': size=120000Kb used=12509Kb max_used=13395Kb free=107490Kb
 bounds [0x0000029503400000, 0x0000029504130000, 0x000002950a930000]
CodeHeap 'non-nmethods': size=5760Kb used=1287Kb max_used=1370Kb free=4473Kb
 bounds [0x000002950a930000, 0x000002950aba0000, 0x000002950aed0000]
 total_blobs=6281 nmethods=5683 adapters=508
 compilation: enabled
              stopped_count=0, restarted_count=0
 full_count=0

Compilation events (20 events):
Event: 4.434 Thread 0x000002951e8b0910 nmethod 6550 0x0000029503a35590 code [0x0000029503a357c0, 0x0000029503a35f78]
Event: 4.434 Thread 0x000002951e8b0910 6551       3       org.jetbrains.kotlin.descriptors.impl.SimpleFunctionDescriptorImpl::getOriginal (5 bytes)
Event: 4.435 Thread 0x000002951e8b0910 nmethod 6551 0x0000029503584510 code [0x0000029503584700, 0x0000029503584c68]
Event: 4.435 Thread 0x000002951e8b0910 6554       3       org.jetbrains.kotlin.com.google.common.collect.AbstractMapBasedMultimap$WrappedCollection::size (14 bytes)
Event: 4.435 Thread 0x000002951e8b0910 nmethod 6554 0x0000029503a25210 code [0x0000029503a253c0, 0x0000029503a25658]
Event: 4.435 Thread 0x000002951e8b0910 6552       3       org.jetbrains.kotlin.resolve.OverridingStrategy::setOverriddenDescriptors (20 bytes)
Event: 4.435 Thread 0x000002951e8b0910 nmethod 6552 0x0000029503920410 code [0x00000295039206a0, 0x00000295039211c8]
Event: 4.435 Thread 0x000002951e8b0910 6524       3       org.jetbrains.kotlin.resolve.lazy.descriptors.LazyClassMemberScope::generateFunctionsFromAnyForValueClass (31 bytes)
Event: 4.436 Thread 0x000002951e8b0910 nmethod 6524 0x0000029503a9e890 code [0x0000029503a9eb00, 0x0000029503a9f628]
Event: 4.436 Thread 0x000002951e8b0910 6525   !   3       org.jetbrains.kotlin.resolve.extensions.SyntheticResolveExtension$Companion$getInstance$1::generateSyntheticMethods (175 bytes)
Event: 4.437 Thread 0x000002951e8b0910 nmethod 6525 0x0000029503fa8d10 code [0x0000029503fa9260, 0x0000029503fab9a8]
Event: 4.437 Thread 0x000002951e8b0910 6504       3       org.jetbrains.kotlin.resolve.lazy.descriptors.AbstractLazyMemberScope$functionDescriptors$1::invoke (15 bytes)
Event: 4.438 Thread 0x000002951e8b0910 nmethod 6504 0x0000029503746490 code [0x00000295037466c0, 0x0000029503746d08]
Event: 4.438 Thread 0x000002951e8b0910 6505       3       org.jetbrains.kotlin.resolve.lazy.descriptors.AbstractLazyMemberScope::access$doGetFunctions (6 bytes)
Event: 4.438 Thread 0x000002951e8b0910 nmethod 6505 0x0000029503637a10 code [0x0000029503637ba0, 0x0000029503637cc8]
Event: 4.438 Thread 0x000002951e8b0910 6506       3       org.jetbrains.kotlin.resolve.lazy.descriptors.AbstractLazyMemberScope::doGetFunctions (41 bytes)
Event: 4.438 Thread 0x000002951e8b0910 nmethod 6506 0x0000029503705d10 code [0x0000029503705f60, 0x00000295037067f8]
Event: 4.438 Thread 0x000002951e8b0910 6526       3       org.jetbrains.kotlin.resolve.lazy.ResolveSession::getAdditionalClassPartsProvider (14 bytes)
Event: 4.438 Thread 0x000002951e8b0910 nmethod 6526 0x0000029503babc10 code [0x0000029503babdc0, 0x0000029503babf48]
Event: 4.438 Thread 0x000002951e8b0910 6556       3       org.jetbrains.kotlin.resolve.jvm.JvmAdditionalClassPartsProvider::generateAdditionalMethods (51 bytes)

GC Heap History (18 events):
Event: 0.414 GC heap before
{Heap before GC invocations=0 (full 0):
 garbage-first heap   total 262144K, used 24576K [0x0000000701e00000, 0x0000000800000000)
  region size 2048K, 11 young (22528K), 0 survivors (0K)
 Metaspace       used 12895K, committed 12992K, reserved 1064960K
  class space    used 1236K, committed 1280K, reserved 1048576K
}
Event: 0.416 GC heap after
{Heap after GC invocations=1 (full 0):
 garbage-first heap   total 262144K, used 6623K [0x0000000701e00000, 0x0000000800000000)
  region size 2048K, 2 young (4096K), 2 survivors (4096K)
 Metaspace       used 12895K, committed 12992K, reserved 1064960K
  class space    used 1236K, committed 1280K, reserved 1048576K
}
Event: 0.845 GC heap before
{Heap before GC invocations=1 (full 0):
 garbage-first heap   total 262144K, used 39391K [0x0000000701e00000, 0x0000000800000000)
  region size 2048K, 20 young (40960K), 2 survivors (4096K)
 Metaspace       used 21329K, committed 21504K, reserved 1073152K
  class space    used 2327K, committed 2432K, reserved 1048576K
}
Event: 0.848 GC heap after
{Heap after GC invocations=2 (full 0):
 garbage-first heap   total 262144K, used 8299K [0x0000000701e00000, 0x0000000800000000)
  region size 2048K, 3 young (6144K), 3 survivors (6144K)
 Metaspace       used 21329K, committed 21504K, reserved 1073152K
  class space    used 2327K, committed 2432K, reserved 1048576K
}
Event: 1.148 GC heap before
{Heap before GC invocations=3 (full 0):
 garbage-first heap   total 40960K, used 28779K [0x0000000701e00000, 0x0000000800000000)
  region size 2048K, 14 young (28672K), 3 survivors (6144K)
 Metaspace       used 28412K, committed 28608K, reserved 1081344K
  class space    used 3529K, committed 3584K, reserved 1048576K
}
Event: 1.152 GC heap after
{Heap after GC invocations=4 (full 0):
 garbage-first heap   total 40960K, used 9264K [0x0000000701e00000, 0x0000000800000000)
  region size 2048K, 3 young (6144K), 3 survivors (6144K)
 Metaspace       used 28412K, committed 28608K, reserved 1081344K
  class space    used 3529K, committed 3584K, reserved 1048576K
}
Event: 1.563 GC heap before
{Heap before GC invocations=4 (full 0):
 garbage-first heap   total 40960K, used 29744K [0x0000000701e00000, 0x0000000800000000)
  region size 2048K, 12 young (24576K), 3 survivors (6144K)
 Metaspace       used 30462K, committed 30656K, reserved 1081344K
  class space    used 3922K, committed 3968K, reserved 1048576K
}
Event: 1.571 GC heap after
{Heap after GC invocations=5 (full 0):
 garbage-first heap   total 40960K, used 15463K [0x0000000701e00000, 0x0000000800000000)
  region size 2048K, 2 young (4096K), 2 survivors (4096K)
 Metaspace       used 30462K, committed 30656K, reserved 1081344K
  class space    used 3922K, committed 3968K, reserved 1048576K
}
Event: 1.709 GC heap before
{Heap before GC invocations=5 (full 0):
 garbage-first heap   total 40960K, used 27751K [0x0000000701e00000, 0x0000000800000000)
  region size 2048K, 8 young (16384K), 2 survivors (4096K)
 Metaspace       used 33757K, committed 33984K, reserved 1081344K
  class space    used 4299K, committed 4416K, reserved 1048576K
}
Event: 1.716 GC heap after
{Heap after GC invocations=6 (full 0):
 garbage-first heap   total 40960K, used 17304K [0x0000000701e00000, 0x0000000800000000)
  region size 2048K, 1 young (2048K), 1 survivors (2048K)
 Metaspace       used 33757K, committed 33984K, reserved 1081344K
  class space    used 4299K, committed 4416K, reserved 1048576K
}
Event: 1.831 GC heap before
{Heap before GC invocations=6 (full 0):
 garbage-first heap   total 40960K, used 27544K [0x0000000701e00000, 0x0000000800000000)
  region size 2048K, 7 young (14336K), 1 survivors (2048K)
 Metaspace       used 35726K, committed 35968K, reserved 1081344K
  class space    used 4523K, committed 4672K, reserved 1048576K
}
Event: 1.834 GC heap after
{Heap after GC invocations=7 (full 0):
 garbage-first heap   total 40960K, used 16513K [0x0000000701e00000, 0x0000000800000000)
  region size 2048K, 1 young (2048K), 1 survivors (2048K)
 Metaspace       used 35726K, committed 35968K, reserved 1081344K
  class space    used 4523K, committed 4672K, reserved 1048576K
}
Event: 1.946 GC heap before
{Heap before GC invocations=8 (full 0):
 garbage-first heap   total 40960K, used 28801K [0x0000000701e00000, 0x0000000800000000)
  region size 2048K, 7 young (14336K), 1 survivors (2048K)
 Metaspace       used 38126K, committed 38336K, reserved 1089536K
  class space    used 4753K, committed 4864K, reserved 1048576K
}
Event: 1.949 GC heap after
{Heap after GC invocations=9 (full 0):
 garbage-first heap   total 40960K, used 17776K [0x0000000701e00000, 0x0000000800000000)
  region size 2048K, 1 young (2048K), 1 survivors (2048K)
 Metaspace       used 38126K, committed 38336K, reserved 1089536K
  class space    used 4753K, committed 4864K, reserved 1048576K
}
Event: 1.966 GC heap before
{Heap before GC invocations=9 (full 0):
 garbage-first heap   total 40960K, used 17776K [0x0000000701e00000, 0x0000000800000000)
  region size 2048K, 2 young (4096K), 1 survivors (2048K)
 Metaspace       used 38602K, committed 38848K, reserved 1089536K
  class space    used 4782K, committed 4928K, reserved 1048576K
}
Event: 1.970 GC heap after
{Heap after GC invocations=10 (full 0):
 garbage-first heap   total 151552K, used 17416K [0x0000000701e00000, 0x0000000800000000)
  region size 2048K, 1 young (2048K), 1 survivors (2048K)
 Metaspace       used 38602K, committed 38848K, reserved 1089536K
  class space    used 4782K, committed 4928K, reserved 1048576K
}
Event: 3.121 GC heap before
{Heap before GC invocations=10 (full 0):
 garbage-first heap   total 151552K, used 107528K [0x0000000701e00000, 0x0000000800000000)
  region size 2048K, 44 young (90112K), 1 survivors (2048K)
 Metaspace       used 50283K, committed 50496K, reserved 1097728K
  class space    used 6020K, committed 6144K, reserved 1048576K
}
Event: 3.134 GC heap after
{Heap after GC invocations=11 (full 0):
 garbage-first heap   total 151552K, used 29903K [0x0000000701e00000, 0x0000000800000000)
  region size 2048K, 6 young (12288K), 6 survivors (12288K)
 Metaspace       used 50283K, committed 50496K, reserved 1097728K
  class space    used 6020K, committed 6144K, reserved 1048576K
}

Dll operation events (2 events):
Event: 0.007 Loaded shared library D:\Android Studio\jbr\bin\java.dll
Event: 1.013 Loaded shared library D:\Android Studio\jbr\bin\verify.dll

Deoptimization events (20 events):
Event: 4.230 Thread 0x000002957ce39f70 Uncommon trap: trap_request=0xffffff45 fr.pc=0x000002950b1463f8 relative=0x0000000000000238
Event: 4.230 Thread 0x000002957ce39f70 Uncommon trap: reason=unstable_if action=reinterpret pc=0x000002950b1463f8 method=java.util.HashMap.getNode(Ljava/lang/Object;)Ljava/util/HashMap$Node; @ 66 c2
Event: 4.230 Thread 0x000002957ce39f70 DEOPT PACKING pc=0x000002950b1463f8 sp=0x000000fe0c1fbba0
Event: 4.230 Thread 0x000002957ce39f70 DEOPT UNPACKING pc=0x000002950a9869a3 sp=0x000000fe0c1fbaa8 mode 2
Event: 4.233 Thread 0x000002957ce39f70 DEOPT PACKING pc=0x0000029503ec3d35 sp=0x000000fe0c1f9f40
Event: 4.233 Thread 0x000002957ce39f70 DEOPT UNPACKING pc=0x000002950a987143 sp=0x000000fe0c1f94c0 mode 0
Event: 4.239 Thread 0x000002957ce39f70 Uncommon trap: trap_request=0xffffff45 fr.pc=0x000002950af1fec4 relative=0x0000000000000284
Event: 4.239 Thread 0x000002957ce39f70 Uncommon trap: reason=unstable_if action=reinterpret pc=0x000002950af1fec4 method=java.util.HashMap.hash(Ljava/lang/Object;)I @ 1 c2
Event: 4.239 Thread 0x000002957ce39f70 DEOPT PACKING pc=0x000002950af1fec4 sp=0x000000fe0c1fd290
Event: 4.239 Thread 0x000002957ce39f70 DEOPT UNPACKING pc=0x000002950a9869a3 sp=0x000000fe0c1fd188 mode 2
Event: 4.239 Thread 0x000002957ce39f70 Uncommon trap: trap_request=0xffffff45 fr.pc=0x000002950af2fe18 relative=0x0000000000000098
Event: 4.239 Thread 0x000002957ce39f70 Uncommon trap: reason=unstable_if action=reinterpret pc=0x000002950af2fe18 method=java.util.HashMap.hash(Ljava/lang/Object;)I @ 1 c2
Event: 4.239 Thread 0x000002957ce39f70 DEOPT PACKING pc=0x000002950af2fe18 sp=0x000000fe0c1fd1e0
Event: 4.239 Thread 0x000002957ce39f70 DEOPT UNPACKING pc=0x000002950a9869a3 sp=0x000000fe0c1fd178 mode 2
Event: 4.257 Thread 0x000002957ce39f70 DEOPT PACKING pc=0x00000295038c1fe5 sp=0x000000fe0c1fbba0
Event: 4.257 Thread 0x000002957ce39f70 DEOPT UNPACKING pc=0x000002950a987143 sp=0x000000fe0c1faff0 mode 0
Event: 4.333 Thread 0x000002957ce39f70 Uncommon trap: trap_request=0xffffff45 fr.pc=0x000002950b082ed8 relative=0x0000000000000cd8
Event: 4.333 Thread 0x000002957ce39f70 Uncommon trap: reason=unstable_if action=reinterpret pc=0x000002950b082ed8 method=org.jetbrains.kotlin.metadata.ProtoBuf$Type.getSerializedSize()I @ 176 c2
Event: 4.333 Thread 0x000002957ce39f70 DEOPT PACKING pc=0x000002950b082ed8 sp=0x000000fe0c1fb620
Event: 4.333 Thread 0x000002957ce39f70 DEOPT UNPACKING pc=0x000002950a9869a3 sp=0x000000fe0c1fb5f0 mode 2

Classes unloaded (0 events):
No events

Classes redefined (0 events):
No events

Internal exceptions (20 events):
Event: 1.708 Thread 0x000002957ce39f70 Exception <a 'java/lang/NoSuchMethodError'{0x0000000703bf3760}: 'java.lang.Object java.lang.invoke.DirectMethodHandle$Holder.invokeVirtual(java.lang.Object, java.lang.Object, java.lang.Object)'> (0x0000000703bf3760) 
thrown [s\src\hotspot\share\interpreter\linkResolver.cpp, line 771]
Event: 2.152 Thread 0x000002957ce39f70 Exception <a 'java/lang/NoSuchMethodError'{0x000000070a191d90}: 'java.lang.Object java.lang.invoke.DirectMethodHandle$Holder.newInvokeSpecial(java.lang.Object, java.lang.Object, int)'> (0x000000070a191d90) 
thrown [s\src\hotspot\share\interpreter\linkResolver.cpp, line 771]
Event: 2.185 Thread 0x000002957ce39f70 Implicit null exception at 0x000002950b004e64 to 0x000002950b005000
Event: 2.192 Thread 0x000002957ce39f70 Implicit null exception at 0x000002950b005553 to 0x000002950b005664
Event: 2.316 Thread 0x000002957ce39f70 Exception <a 'java/lang/NoSuchMethodError'{0x0000000709adc4d8}: 'java.lang.Object java.lang.invoke.DirectMethodHandle$Holder.newInvokeSpecial(java.lang.Object, java.lang.Object, java.lang.Object, int)'> (0x0000000709adc4d8) 
thrown [s\src\hotspot\share\interpreter\linkResolver.cpp, line 771]
Event: 2.316 Thread 0x000002957ce39f70 Exception <a 'java/lang/NoSuchMethodError'{0x0000000709ae0b60}: 'java.lang.Object java.lang.invoke.DirectMethodHandle$Holder.invokeSpecial(java.lang.Object, java.lang.Object, java.lang.Object, java.lang.Object, int)'> (0x0000000709ae0b60) 
thrown [s\src\hotspot\share\interpreter\linkResolver.cpp, line 771]
Event: 2.317 Thread 0x000002957ce39f70 Exception <a 'java/lang/NoSuchMethodError'{0x0000000709ae49d0}: 'java.lang.Object java.lang.invoke.Invokers$Holder.linkToTargetMethod(java.lang.Object, java.lang.Object, int, java.lang.Object)'> (0x0000000709ae49d0) 
thrown [s\src\hotspot\share\interpreter\linkResolver.cpp, line 771]
Event: 3.219 Thread 0x000002957ce39f70 Exception <a 'java/lang/NoSuchMethodError'{0x000000070f595c30}: 'java.lang.Object java.lang.invoke.DirectMethodHandle$Holder.invokeStatic(java.lang.Object, java.lang.Object, java.lang.Object, java.lang.Object, int)'> (0x000000070f595c30) 
thrown [s\src\hotspot\share\interpreter\linkResolver.cpp, line 771]
Event: 3.220 Thread 0x000002957ce39f70 Exception <a 'java/lang/NoSuchMethodError'{0x000000070f59f670}: 'java.lang.Object java.lang.invoke.DirectMethodHandle$Holder.newInvokeSpecial(java.lang.Object, java.lang.Object, java.lang.Object, java.lang.Object, int)'> (0x000000070f59f670) 
thrown [s\src\hotspot\share\interpreter\linkResolver.cpp, line 771]
Event: 3.221 Thread 0x000002957ce39f70 Exception <a 'java/lang/NoSuchMethodError'{0x000000070f5a7590}: 'java.lang.Object java.lang.invoke.Invokers$Holder.linkToTargetMethod(java.lang.Object, java.lang.Object, java.lang.Object, int, java.lang.Object)'> (0x000000070f5a7590) 
thrown [s\src\hotspot\share\interpreter\linkResolver.cpp, line 771]
Event: 3.371 Thread 0x000002957ce39f70 Implicit null exception at 0x000002950b0f9626 to 0x000002950b0f99a0
Event: 3.580 Thread 0x000002957ce39f70 Exception <a 'java/lang/NoSuchMethodError'{0x000000070a3f87b8}: 'java.lang.Object java.lang.invoke.DirectMethodHandle$Holder.newInvokeSpecial(java.lang.Object, java.lang.Object, java.lang.Object, java.lang.Object, java.lang.Object, java.lang.Object)'> (0x000000070a3f87b8) 
thrown [s\src\hotspot\share\interpreter\linkResolver.cpp, line 771]
Event: 3.704 Thread 0x000002957ce39f70 Exception <a 'java/lang/NoSuchMethodError'{0x0000000709dd1d60}: 'java.lang.Object java.lang.invoke.DirectMethodHandle$Holder.newInvokeSpecial(java.lang.Object, java.lang.Object, java.lang.Object, java.lang.Object, java.lang.Object, java.lang.Object, java.lang.Object, java.lang.Object)'> (0x0000000709dd1d60) 
thrown [s\src\hotspot\share\interpreter\linkResolver.cpp, line 771]
Event: 3.705 Thread 0x000002957ce39f70 Exception <a 'java/lang/NoSuchMethodError'{0x0000000709dd7378}: 'java.lang.Object java.lang.invoke.DirectMethodHandle$Holder.invokeSpecial(java.lang.Object, java.lang.Object, java.lang.Object, java.lang.Object, java.lang.Object, java.lang.Object, java.lang.Object, java.lang.Object, java.lang.Object)'> (0x0000000709dd7378) 
thrown [s\src\hotspot\share\interpreter\linkResolver.cpp, line 771]
Event: 3.705 Thread 0x000002957ce39f70 Exception <a 'java/lang/NoSuchMethodError'{0x0000000709ddc2a8}: 'java.lang.Object java.lang.invoke.Invokers$Holder.linkToTargetMethod(java.lang.Object, java.lang.Object, java.lang.Object, java.lang.Object, java.lang.Object, java.lang.Object, java.lang.Object, java.lang.Object)'> (0x0000000709ddc2a8) 
thrown [s\src\hotspot\share\interpreter\linkResolver.cpp, line 771]
Event: 3.824 Thread 0x000002957ce39f70 Exception <a 'java/lang/NoSuchMethodError'{0x00000007099d2088}: 'java.lang.Object java.lang.invoke.DirectMethodHandle$Holder.invokeStaticInit(java.lang.Object, java.lang.Object, java.lang.Object)'> (0x00000007099d2088) 
thrown [s\src\hotspot\share\interpreter\linkResolver.cpp, line 771]
Event: 4.239 Thread 0x000002957ce39f70 Implicit null exception at 0x000002950af1fc94 to 0x000002950af1feac
Event: 4.239 Thread 0x000002957ce39f70 Implicit null exception at 0x000002950af2fd8f to 0x000002950af2fe09
Event: 4.329 Thread 0x000002957ce39f70 Exception <a 'java/lang/NoSuchMethodError'{0x0000000707dec4c0}: 'java.lang.Object java.lang.invoke.DirectMethodHandle$Holder.newInvokeSpecial(java.lang.Object, int, java.lang.Object)'> (0x0000000707dec4c0) 
thrown [s\src\hotspot\share\interpreter\linkResolver.cpp, line 771]
Event: 4.329 Thread 0x000002957ce39f70 Exception <a 'java/lang/NoSuchMethodError'{0x0000000707df2b10}: 'int java.lang.invoke.DirectMethodHandle$Holder.invokeInterface(java.lang.Object, java.lang.Object)'> (0x0000000707df2b10) 
thrown [s\src\hotspot\share\interpreter\linkResolver.cpp, line 771]

VM Operations (20 events):
Event: 4.230 Executing VM operation: ICBufferFull
Event: 4.231 Executing VM operation: ICBufferFull done
Event: 4.244 Executing VM operation: HandshakeAllThreads
Event: 4.244 Executing VM operation: HandshakeAllThreads done
Event: 4.254 Executing VM operation: ICBufferFull
Event: 4.254 Executing VM operation: ICBufferFull done
Event: 4.260 Executing VM operation: HandshakeAllThreads
Event: 4.260 Executing VM operation: HandshakeAllThreads done
Event: 4.274 Executing VM operation: HandshakeAllThreads
Event: 4.274 Executing VM operation: HandshakeAllThreads done
Event: 4.285 Executing VM operation: ICBufferFull
Event: 4.285 Executing VM operation: ICBufferFull done
Event: 4.319 Executing VM operation: HandshakeAllThreads
Event: 4.319 Executing VM operation: HandshakeAllThreads done
Event: 4.320 Executing VM operation: ICBufferFull
Event: 4.320 Executing VM operation: ICBufferFull done
Event: 4.358 Executing VM operation: ICBufferFull
Event: 4.358 Executing VM operation: ICBufferFull done
Event: 4.421 Executing VM operation: ICBufferFull
Event: 4.421 Executing VM operation: ICBufferFull done

Events (20 events):
Event: 4.283 Thread 0x000002951e8bba20 flushing nmethod 0x0000029503e94390
Event: 4.283 Thread 0x000002951e8bba20 flushing nmethod 0x0000029503efbb10
Event: 4.283 Thread 0x000002951e8bba20 flushing nmethod 0x0000029503f03a90
Event: 4.283 Thread 0x000002951e8bba20 flushing nmethod 0x0000029503f1fd10
Event: 4.283 Thread 0x000002951e8bba20 flushing nmethod 0x0000029503f22090
Event: 4.283 Thread 0x000002951e8bba20 flushing nmethod 0x0000029503f29d90
Event: 4.283 Thread 0x000002951e8bba20 flushing nmethod 0x0000029503f2df10
Event: 4.283 Thread 0x000002951e8bba20 flushing nmethod 0x0000029503f34010
Event: 4.283 Thread 0x000002951e8bba20 flushing nmethod 0x0000029503f4ef10
Event: 4.284 Thread 0x000002951e8bba20 flushing nmethod 0x0000029503f52610
Event: 4.284 Thread 0x000002951e8bba20 flushing nmethod 0x0000029503f73610
Event: 4.284 Thread 0x000002951e8bba20 flushing nmethod 0x0000029503f90390
Event: 4.284 Thread 0x000002951e8bba20 flushing nmethod 0x0000029503fa1990
Event: 4.284 Thread 0x000002951e8bba20 flushing nmethod 0x0000029503fa7b10
Event: 4.284 Thread 0x000002951e8bba20 flushing nmethod 0x0000029503fad510
Event: 4.284 Thread 0x000002951e8bba20 flushing nmethod 0x0000029503fae090
Event: 4.284 Thread 0x000002951e8bba20 flushing nmethod 0x0000029503fbe010
Event: 4.284 Thread 0x000002951e8bba20 flushing nmethod 0x000002950402b010
Event: 4.284 Thread 0x000002951e8bba20 flushing nmethod 0x0000029504046810
Event: 4.284 Thread 0x000002951e8bba20 flushing nmethod 0x0000029504051b90


Dynamic libraries:
0x00007ff70e640000 - 0x00007ff70e64a000 	D:\Android Studio\jbr\bin\java.exe
0x00007ffc8d630000 - 0x00007ffc8d827000 	C:\WINDOWS\SYSTEM32\ntdll.dll
0x00007ffc8d450000 - 0x00007ffc8d50d000 	C:\WINDOWS\System32\KERNEL32.DLL
0x00007ffc8b130000 - 0x00007ffc8b426000 	C:\WINDOWS\System32\KERNELBASE.dll
0x00007ffc8adb0000 - 0x00007ffc8aeb0000 	C:\WINDOWS\System32\ucrtbase.dll
0x00007ffc43380000 - 0x00007ffc4339b000 	D:\Android Studio\jbr\bin\VCRUNTIME140.dll
0x00007ffc45950000 - 0x00007ffc45967000 	D:\Android Studio\jbr\bin\jli.dll
0x00007ffc8d040000 - 0x00007ffc8d1de000 	C:\WINDOWS\System32\USER32.dll
0x00007ffc8b510000 - 0x00007ffc8b532000 	C:\WINDOWS\System32\win32u.dll
0x00007ffc8b790000 - 0x00007ffc8b7bc000 	C:\WINDOWS\System32\GDI32.dll
0x00007ffc8b010000 - 0x00007ffc8b12a000 	C:\WINDOWS\System32\gdi32full.dll
0x00007ffc8ad10000 - 0x00007ffc8adad000 	C:\WINDOWS\System32\msvcp_win.dll
0x00007ffc7d590000 - 0x00007ffc7d82a000 	C:\WINDOWS\WinSxS\amd64_microsoft.windows.common-controls_6595b64144ccf1df_6.0.19041.3570_none_60bb2a3971f3e41a\COMCTL32.dll
0x00007ffc8c0b0000 - 0x00007ffc8c14e000 	C:\WINDOWS\System32\msvcrt.dll
0x00007ffc8d1e0000 - 0x00007ffc8d210000 	C:\WINDOWS\System32\IMM32.DLL
0x00007ffc64f40000 - 0x00007ffc64f4c000 	D:\Android Studio\jbr\bin\vcruntime140_1.dll
0x00007ffc41320000 - 0x00007ffc413ad000 	D:\Android Studio\jbr\bin\msvcp140.dll
0x00007ffc45a20000 - 0x00007ffc4668e000 	D:\Android Studio\jbr\bin\server\jvm.dll
0x00007ffc8b7c0000 - 0x00007ffc8b86e000 	C:\WINDOWS\System32\ADVAPI32.dll
0x00007ffc8c650000 - 0x00007ffc8c6ec000 	C:\WINDOWS\System32\sechost.dll
0x00007ffc8c7a0000 - 0x00007ffc8c8c6000 	C:\WINDOWS\System32\RPCRT4.dll
0x00007ffc63aa0000 - 0x00007ffc63aa9000 	C:\WINDOWS\SYSTEM32\WSOCK32.dll
0x00007ffc828d0000 - 0x00007ffc828da000 	C:\WINDOWS\SYSTEM32\VERSION.dll
0x00007ffc8c270000 - 0x00007ffc8c2db000 	C:\WINDOWS\System32\WS2_32.dll
0x00007ffc806d0000 - 0x00007ffc806f7000 	C:\WINDOWS\SYSTEM32\WINMM.dll
0x00007ffc88bd0000 - 0x00007ffc88be2000 	C:\WINDOWS\SYSTEM32\kernel.appcore.dll
0x00007ffc63a70000 - 0x00007ffc63a7a000 	D:\Android Studio\jbr\bin\jimage.dll
0x00007ffc76010000 - 0x00007ffc761f4000 	C:\WINDOWS\SYSTEM32\DBGHELP.DLL
0x00007ffc78980000 - 0x00007ffc789b4000 	C:\WINDOWS\SYSTEM32\dbgcore.DLL
0x00007ffc8b430000 - 0x00007ffc8b4b2000 	C:\WINDOWS\System32\bcryptPrimitives.dll
0x00007ffc46a20000 - 0x00007ffc46a45000 	D:\Android Studio\jbr\bin\java.dll
0x00007ffc46a00000 - 0x00007ffc46a18000 	D:\Android Studio\jbr\bin\zip.dll
0x00007ffc8c8f0000 - 0x00007ffc8d034000 	C:\WINDOWS\System32\SHELL32.dll
0x00007ffc88dd0000 - 0x00007ffc8956b000 	C:\WINDOWS\SYSTEM32\windows.storage.dll
0x00007ffc8c2f0000 - 0x00007ffc8c644000 	C:\WINDOWS\System32\combase.dll
0x00007ffc8a750000 - 0x00007ffc8a77d000 	C:\WINDOWS\SYSTEM32\Wldp.dll
0x00007ffc8c6f0000 - 0x00007ffc8c79d000 	C:\WINDOWS\System32\SHCORE.dll
0x00007ffc8d3f0000 - 0x00007ffc8d445000 	C:\WINDOWS\System32\shlwapi.dll
0x00007ffc8ac40000 - 0x00007ffc8ac65000 	C:\WINDOWS\SYSTEM32\profapi.dll
0x00007ffc469e0000 - 0x00007ffc469f9000 	D:\Android Studio\jbr\bin\net.dll
0x00007ffc83d20000 - 0x00007ffc83e2a000 	C:\WINDOWS\SYSTEM32\WINHTTP.dll
0x00007ffc8a4b0000 - 0x00007ffc8a51a000 	C:\WINDOWS\system32\mswsock.dll
0x00007ffc469c0000 - 0x00007ffc469d6000 	D:\Android Studio\jbr\bin\nio.dll
0x00007ffc63a40000 - 0x00007ffc63a50000 	D:\Android Studio\jbr\bin\verify.dll

dbghelp: loaded successfully - version: 4.0.5 - missing functions: none
symbol engine: initialized successfully - sym options: 0x614 - pdb path: .;D:\Android Studio\jbr\bin;C:\WINDOWS\SYSTEM32;C:\WINDOWS\WinSxS\amd64_microsoft.windows.common-controls_6595b64144ccf1df_6.0.19041.3570_none_60bb2a3971f3e41a;D:\Android Studio\jbr\bin\server

VM Arguments:
java_command: org.jetbrains.kotlin.cli.jvm.K2JVMCompiler @D:\Moca-App\Moca\app\build\20231113_7519132282815097162.compiler.options
java_class_path (initial): C:\Users\gutyc\.gradle\caches\modules-2\files-2.1\org.jetbrains.kotlin\kotlin-compiler-embeddable\1.9.0\2c8c3a7402becca891f12739b3e9fd2dc2adbd7a\kotlin-compiler-embeddable-1.9.0.jar;C:\Users\gutyc\.gradle\caches\modules-2\files-2.1\org.jetbrains.kotlin\kotlin-stdlib\1.9.0\8ee15ef0c67dc83d874f412d84378d7f0eb50b63\kotlin-stdlib-1.9.0.jar;C:\Users\gutyc\.gradle\caches\modules-2\files-2.1\org.jetbrains.kotlin\kotlin-script-runtime\1.9.0\4b3102cbbb7e1b58d9d1adf89563f00069ffa7d1\kotlin-script-runtime-1.9.0.jar;C:\Users\gutyc\.gradle\caches\modules-2\files-2.1\org.jetbrains.kotlin\kotlin-reflect\1.6.10\1cbe9c92c12a94eea200d23c2bbaedaf3daf5132\kotlin-reflect-1.6.10.jar;C:\Users\gutyc\.gradle\caches\modules-2\files-2.1\org.jetbrains.kotlin\kotlin-daemon-embeddable\1.9.0\186543f5e28cf8d9a0290fecc2cf34301c40a65c\kotlin-daemon-embeddable-1.9.0.jar;C:\Users\gutyc\.gradle\caches\modules-2\files-2.1\org.jetbrains.intellij.deps\trove4j\1.0.20200330\3afb14d5f9ceb459d724e907a21145e8ff394f02\trove4j-1.0.20200330.jar;C:\Users\gutyc\.gradle\caches\modules-2\files-2.1\org.jetbrains.kotlin\kotlin-stdlib-common\1.9.0\cd65c21cfd1eec4d44ef09f9f52b6d9f8a720636\kotlin-stdlib-common-1.9.0.jar;C:\Users\gutyc\.gradle\caches\modules-2\files-2.1\org.jetbrains\annotations\13.0\919f0dfe192fb4e063e7dacadee7f8bb9a2672a9\annotations-13.0.jar
Launcher Type: SUN_STANDARD

[Global flags]
     intx CICompilerCount                          = 4                                         {product} {ergonomic}
     uint ConcGCThreads                            = 3                                         {product} {ergonomic}
     uint G1ConcRefinementThreads                  = 10                                        {product} {ergonomic}
   size_t G1HeapRegionSize                         = 2097152                                   {product} {ergonomic}
    uintx GCDrainStackTargetSize                   = 64                                        {product} {ergonomic}
   size_t InitialHeapSize                          = 268435456                                 {product} {ergonomic}
   size_t MarkStackSize                            = 4194304                                   {product} {ergonomic}
   size_t MaxHeapSize                              = 4263510016                                {product} {ergonomic}
   size_t MaxNewSize                               = 2556428288                                {product} {ergonomic}
   size_t MinHeapDeltaBytes                        = 2097152                                   {product} {ergonomic}
   size_t MinHeapSize                              = 8388608                                   {product} {ergonomic}
    uintx NonNMethodCodeHeapSize                   = 5839372                                {pd product} {ergonomic}
    uintx NonProfiledCodeHeapSize                  = 122909434                              {pd product} {ergonomic}
    uintx ProfiledCodeHeapSize                     = 122909434                              {pd product} {ergonomic}
    uintx ReservedCodeCacheSize                    = 251658240                              {pd product} {ergonomic}
     bool SegmentedCodeCache                       = true                                      {product} {ergonomic}
   size_t SoftMaxHeapSize                          = 4263510016                             {manageable} {ergonomic}
     bool UseCompressedClassPointers               = true                           {product lp64_product} {ergonomic}
     bool UseCompressedOops                        = true                           {product lp64_product} {ergonomic}
     bool UseG1GC                                  = true                                      {product} {ergonomic}
     bool UseLargePagesIndividualAllocation        = false                                  {pd product} {ergonomic}

Logging:
Log output configuration:
 #0: stdout all=warning uptime,level,tags
 #1: stderr all=off uptime,level,tags

Environment Variables:
PATH=C:\Program Files (x86)\Common Files\Oracle\Java\javapath;C:\Python311\Scripts\;C:\Python311\;C:\WINDOWS\system32;C:\WINDOWS;C:\WINDOWS\System32\Wbem;C:\WINDOWS\System32\WindowsPowerShell\v1.0\;C:\WINDOWS\System32\OpenSSH\;C:\Program Files\Git\cmd;C:\ProgramData\chocolatey\bin;D:\node\;C:\Program Files\dotnet\;C:\Users\gutyc\AppData\Local\Microsoft\WindowsApps;;D:\IntelliJ IDEA 2023.2\bin;;D:\Microsoft VS Code\bin;C:\Users\gutyc\AppData\Roaming\npm
USERNAME=gutyc
OS=Windows_NT
PROCESSOR_IDENTIFIER=AMD64 Family 25 Model 80 Stepping 0, AuthenticAMD
TMP=C:\Users\gutyc\AppData\Local\Temp
TEMP=C:\Users\gutyc\AppData\Local\Temp


JNI global refs:
JNI global refs: 12, weak refs: 2

JNI global refs memory usage: 843, weak refs: 841


---------------  S Y S T E M  ---------------

OS:
 Windows 10 , 64 bit Build 19041 (10.0.19041.3570)
OS uptime: 0 days 0:12 hours

CPU: total 12 (initial active 12) (12 cores per cpu, 2 threads per core) family 25 model 80 stepping 0 microcode 0x0, cx8, cmov, fxsr, ht, mmx, 3dnowpref, sse, sse2, sse3, ssse3, sse4a, sse4.1, sse4.2, popcnt, lzcnt, tsc, tscinvbit, avx, avx2, aes, erms, clmul, bmi1, bmi2, adx, sha, fma, vzeroupper, clflush, clflushopt

Memory: 4k page, system-wide physical 16256M (1823M free)
TotalPageFile size 20352M (AvailPageFile size 4M)
current process WorkingSet (physical memory assigned to process): 309M, peak: 314M
current process commit charge ("private bytes"): 370M, peak: 381M

vm_info: OpenJDK 64-Bit Server VM (17.0.6+0-b2043.56-10027231) for windows-amd64 JRE (17.0.6+0-b2043.56-10027231), built on Apr 28 2023 00:43:19 by "androidbuild" with MS VC++ 16.10 / 16.11 (VS2019)

END.
